#-----------------------------------------------------------
# Vivado v2019.1 (64-bit)
# SW Build 2552052 on Fri May 24 14:47:09 MDT 2019
# IP Build 2548770 on Fri May 24 18:01:18 MDT 2019
# Start of session at: Wed Dec 18 03:07:25 2019
# Process ID: 9114
# Current directory: /home/oteng/Projects/Machine Learning/Kmeans
# Command line: vivado
# Log file: /home/oteng/Projects/Machine Learning/Kmeans/vivado.log
# Journal file: /home/oteng/Projects/Machine Learning/Kmeans/vivado.jou
#-----------------------------------------------------------
start_gui
open_project /home/oteng/Documents/Vivaldo/Traffric/Traffric.xpr
Scanning sources...
Finished scanning sources
INFO: [IP_Flow 19-234] Refreshing IP repositories
INFO: [IP_Flow 19-1704] No user IP repositories specified
INFO: [IP_Flow 19-2313] Loaded Vivado IP repository '/tools/Vivado/2019.1/data/ip'.
open_project: Time (s): cpu = 00:00:46 ; elapsed = 00:01:21 . Memory (MB): peak = 6427.551 ; gain = 106.543 ; free physical = 133 ; free virtual = 2660
update_compile_order -fileset sources_1
